[2026-05-31 13:24:05] ============================================================
[2026-05-31 13:24:05] BATCH BACKFILL STARTED
[2026-05-31 13:24:05] ============================================================
[2026-05-31 13:24:06] Symbols to backfill: 371
[2026-05-31 13:24:06] [1/371] Backfilling 0813-HK.HK...
[2026-05-31 13:24:08]   OK 0813-HK.HK done
[2026-05-31 13:24:08] [2/371] Backfilling 0813.HK.HK...
[2026-05-31 13:24:10]   OK 0813.HK.HK done
[2026-05-31 13:24:10] [3/371] Backfilling ABD...
[2026-05-31 13:24:12]   OK ABD done
[2026-05-31 13:24:12] [4/371] Backfilling ACO.X.TO...
[2026-05-31 13:24:14]   OK ACO.X.TO done
[2026-05-31 13:24:14] [5/371] Backfilling AGF.B.TO...
[2026-05-31 13:24:17]   OK AGF.B.TO done
[2026-05-31 13:24:17] [6/371] Backfilling AGU.TO...
[2026-05-31 13:24:18]   OK AGU.TO done
[2026-05-31 13:24:18] [7/371] Backfilling AUY...
[2026-05-31 13:24:20]   OK AUY done
[2026-05-31 13:24:20] [8/371] Backfilling AW-UN.TO...
[2026-05-31 13:24:22]   OK AW-UN.TO done
[2026-05-31 13:24:22] [9/371] Backfilling AW.UN.TO...
[2026-05-31 13:24:25]   OK AW.UN.TO done
[2026-05-31 13:24:25] [10/371] Backfilling BAM-A.TO...
[2026-05-31 13:24:27]   OK BAM-A.TO done
[2026-05-31 13:24:27] Rate limit: sleeping 30s...
[2026-05-31 13:24:57] [11/371] Backfilling BEAV...
[2026-05-31 13:24:58]   OK BEAV done
[2026-05-31 13:24:58] [12/371] Backfilling BF.B...
[2026-05-31 13:25:00]   OK BF.B done
[2026-05-31 13:25:00] [13/371] Backfilling BF.B.TO...
[2026-05-31 13:25:02]   OK BF.B.TO done
[2026-05-31 13:25:02] [14/371] Backfilling BLD.TO...
[2026-05-31 13:25:04]   OK BLD.TO done
[2026-05-31 13:25:04] [15/371] Backfilling BNE-UN.TO...
[2026-05-31 13:25:06]   OK BNE-UN.TO done
[2026-05-31 13:25:06] [16/371] Backfilling BNE.UN.TO...
[2026-05-31 13:25:08]   OK BNE.UN.TO done
[2026-05-31 13:25:08] [17/371] Backfilling BNI...
[2026-05-31 13:25:10]   OK BNI done
[2026-05-31 13:25:10] [18/371] Backfilling BOO.BE...
[2026-05-31 13:25:12]   OK BOO.BE done
[2026-05-31 13:25:12] [19/371] Backfilling BPO.TO...
[2026-05-31 13:25:14]   OK BPO.TO done
[2026-05-31 13:25:14] [20/371] Backfilling BQI...
[2026-05-31 13:25:16]   OK BQI done
[2026-05-31 13:25:16] Rate limit: sleeping 30s...
[2026-05-31 13:25:46] [21/371] Backfilling BR-UN.TO...
===== Data Backfill Started: Sun 31 May 2026 01:28:14 PM MDT ====
Symbols to fetch: 371
[1/371] FAIL: 0813-HK.HK
[2/371] FAIL: 0813.HK.HK
[3/371] FAIL: ABD
[4/371] FAIL: ACO.X.TO
[5/371] FAIL: AGF.B.TO
[2026-05-31 13:30:12]   OK BR-UN.TO done
[2026-05-31 13:30:12] [22/371] Backfilling BR.TO...
[6/371] FAIL: AGU.TO
[7/371] FAIL: AUY
[8/371] FAIL: AW-UN.TO
[9/371] FAIL: AW.UN.TO
[10/371] FAIL: BAM-A.TO
Progress: 10/371 done, 10 failures
[11/371] FAIL: BEAV
[12/371] FAIL: BF.B
[13/371] FAIL: BF.B.TO
[14/371] FAIL: BLD.TO
[15/371] FAIL: BNE-UN.TO
[16/371] FAIL: BNE.UN.TO
[17/371] FAIL: BNI
[18/371] FAIL: BOO.BE
[2026-05-31 13:35:12]   Attempt 1/3 timed out for BR.TO
[19/371] FAIL: BPO.TO
[20/371] FAIL: BQI
Progress: 20/371 done, 20 failures
[21/371] OK: BR-UN.TO
[22/371] FAIL: BR.TO
[23/371] FAIL: BRK-UN.TO
[2026-05-31 13:40:17]   Attempt 2/3 timed out for BR.TO
[24/371] OK: BRK.TO
[25/371] FAIL: BYDDF.PK
[2026-05-31 13:45:27]   Attempt 3/3 timed out for BR.TO
[2026-05-31 13:45:27]   FAIL BR.TO - skipping
[2026-05-31 13:45:27] [23/371] Backfilling BRK-UN.TO...
[2026-05-31 13:45:29]   OK BRK-UN.TO done
[2026-05-31 13:45:29] [24/371] Backfilling BRK.TO...
[2026-05-31 13:45:31]   OK BRK.TO done
[2026-05-31 13:45:31] [25/371] Backfilling BYDDF.PK...
[2026-05-31 13:45:34]   OK BYDDF.PK done
[2026-05-31 13:45:34] [26/371] Backfilling CAH...
[2026-05-31 13:46:27]   OK CAH done
[2026-05-31 13:46:27] [27/371] Backfilling CAKE...
[26/371] OK: CAH
[2026-05-31 13:51:27]   Attempt 1/3 timed out for CAKE
[2026-05-31 13:52:26]   OK CAKE done
[2026-05-31 13:52:26] [28/371] Backfilling CAT...
[2026-05-31 13:53:19]   OK CAT done
[2026-05-31 13:53:19] [29/371] Backfilling CB...
[2026-05-31 13:54:13]   OK CB done
[2026-05-31 13:54:13] [30/371] Backfilling CCJ...
[2026-05-31 13:55:07]   OK CCJ done
[2026-05-31 13:55:07] Rate limit: sleeping 30s...
[2026-05-31 13:55:37] [31/371] Backfilling CCL...
[2026-05-31 13:56:31]   OK CCL done
[2026-05-31 13:56:31] [32/371] Backfilling CDE...
[2026-05-31 13:57:24]   OK CDE done
[2026-05-31 13:57:24] [33/371] Backfilling CDH.TO...
[2026-05-31 13:57:26]   OK CDH.TO done
[2026-05-31 13:57:26] [34/371] Backfilling CDZ.TO...
[2026-05-31 13:58:20]   OK CDZ.TO done
[2026-05-31 13:58:20] [35/371] Backfilling CEANF.PK...
[2026-05-31 13:58:22]   OK CEANF.PK done
[2026-05-31 13:58:22] [36/371] Backfilling CEO...
[2026-05-31 13:58:24]   OK CEO done
[2026-05-31 13:58:24] [37/371] Backfilling CF...
[27/371] OK: CAKE
[2026-05-31 14:03:24]   Attempt 1/3 timed out for CF
[2026-05-31 14:08:29]   Attempt 2/3 timed out for CF
[28/371] OK: CAT
